// 重构日志: 3784011f
// 重构日志: 323cf79c
// 重构日志: f357e630
// 重构日志: 0291757c
// 同步 ID: 4629f05e @ Fri May 29 12:36:22 UTC 2026
// 重构日志: 62da1f9b
// 重构日志: bfc42e9f
// 重构日志: ddca2101
// 重构日志: 34ade973
// 重构日志: 17352280
// 同步 ID: e5da18ad @ Fri Jun 12 12:07:30 UTC 2026
// 同步 ID: 316b953a @ Sat Jun 13 09:22:26 UTC 2026
// 重构日志: 46c1213e
// 同步 ID: c4d40959 @ Sun Jun 14 10:42:17 UTC 2026
// 重构日志: 142df028
// 同步 ID: 9ad668f8 @ Fri Jun 19 16:21:30 UTC 2026
// 重构日志: 9bd4b048
// 同步 ID: 25018cde @ Sun Jun 21 17:02:51 UTC 2026
// 同步 ID: 77234851 @ Mon Jun 22 23:00:59 UTC 2026
// 重构日志: 2b2544d6
// 同步 ID: 201af7fe @ Tue Jun 23 05:52:31 UTC 2026
// 重构日志: 36c5778f
// 重构日志: 32e1b7a0
// 同步 ID: 7481c467 @ Thu Jun 25 04:41:02 UTC 2026
// 同步 ID: a7da2639 @ Fri Jun 26 11:26:18 UTC 2026
